2025-01-01 DEBUG order-svc invalid credentials
2025-01-01 DEBUG notification-svc payment failed
2025-01-01 DEBUG notification-svc connection reset
2025-01-01 ERROR order-svc connection reset
2025-01-01 INFO auth-svc user created
2025-01-01 WARN auth-svc order processed
2025-01-01 DEBUG notification-svc connection reset
2025-01-01 DEBUG auth-svc connection reset
2025-01-01 DEBUG auth-svc payment failed
2025-01-01 INFO order-svc user created
2025-01-01 INFO auth-svc order processed
2025-01-01 INFO auth-svc user created
2025-01-01 WARN order-svc invalid credentials
2025-01-01 DEBUG order-svc login success
2025-01-01 DEBUG order-svc order processed
2025-01-01 ERROR notification-svc user created
2025-01-01 WARN auth-svc order processed
2025-01-01 ERROR order-svc database timeout
2025-01-01 DEBUG auth-svc login success
2025-01-01 ERROR order-svc login success
2025-01-01 INFO order-svc connection reset
2025-01-01 INFO auth-svc user created
2025-01-01 INFO order-svc connection reset
2025-01-01 DEBUG payment-svc database timeout
2025-01-01 INFO order-svc login success
2025-01-01 INFO order-svc connection reset
2025-01-01 DEBUG order-svc connection reset
2025-01-01 INFO payment-svc invalid credentials
2025-01-01 WARN order-svc login success
2025-01-01 WARN order-svc database timeout
2025-01-01 INFO order-svc user created
2025-01-01 INFO payment-svc database timeout
2025-01-01 INFO auth-svc login success
2025-01-01 ERROR payment-svc order processed
2025-01-01 DEBUG order-svc payment failed
2025-01-01 ERROR order-svc user created
2025-01-01 ERROR payment-svc user created
2025-01-01 ERROR payment-svc login success
2025-01-01 DEBUG auth-svc invalid credentials
2025-01-01 DEBUG notification-svc database timeout
2025-01-01 ERROR payment-svc database timeout
2025-01-01 WARN payment-svc database timeout
2025-01-01 ERROR auth-svc connection reset
2025-01-01 DEBUG auth-svc database timeout
2025-01-01 ERROR order-svc connection reset
2025-01-01 DEBUG order-svc user created
2025-01-01 INFO payment-svc payment failed
2025-01-01 INFO payment-svc user created
2025-01-01 ERROR order-svc user created
2025-01-01 INFO notification-svc invalid credentials
2025-01-01 WARN payment-svc database timeout
2025-01-01 INFO auth-svc invalid credentials
2025-01-01 ERROR notification-svc connection reset
2025-01-01 INFO notification-svc database timeout
2025-01-01 WARN order-svc payment failed
2025-01-01 DEBUG notification-svc database timeout
2025-01-01 DEBUG order-svc invalid credentials
2025-01-01 WARN order-svc order processed
2025-01-01 ERROR auth-svc user created
2025-01-01 ERROR notification-svc order processed
2025-01-01 DEBUG notification-svc connection reset
2025-01-01 DEBUG notification-svc connection reset
2025-01-01 INFO notification-svc database timeout
2025-01-01 INFO auth-svc database timeout
2025-01-01 DEBUG order-svc login success
2025-01-01 INFO auth-svc order processed
2025-01-01 ERROR notification-svc login success
2025-01-01 ERROR payment-svc database timeout
2025-01-01 ERROR auth-svc database timeout
2025-01-01 ERROR order-svc order processed
2025-01-01 WARN auth-svc payment failed
2025-01-01 WARN order-svc connection reset
2025-01-01 DEBUG order-svc login success
2025-01-01 INFO auth-svc connection reset
2025-01-01 DEBUG notification-svc database timeout
2025-01-01 WARN auth-svc user created
2025-01-01 WARN auth-svc login success
2025-01-01 INFO auth-svc invalid credentials
2025-01-01 ERROR notification-svc payment failed
2025-01-01 WARN notification-svc invalid credentials
2025-01-01 ERROR payment-svc connection reset
2025-01-01 DEBUG order-svc user created
2025-01-01 DEBUG payment-svc invalid credentials
2025-01-01 ERROR notification-svc invalid credentials
2025-01-01 ERROR payment-svc connection reset
2025-01-01 ERROR payment-svc database timeout
2025-01-01 INFO notification-svc connection reset
2025-01-01 ERROR notification-svc user created
2025-01-01 WARN payment-svc connection reset
2025-01-01 INFO auth-svc invalid credentials
2025-01-01 WARN auth-svc order processed
2025-01-01 INFO payment-svc login success
2025-01-01 ERROR order-svc invalid credentials
2025-01-01 WARN payment-svc login success
2025-01-01 ERROR auth-svc login success
2025-01-01 INFO auth-svc payment failed
2025-01-01 ERROR auth-svc login success
2025-01-01 INFO order-svc order processed
2025-01-01 WARN payment-svc order processed
2025-01-01 DEBUG order-svc order processed
2025-01-01 WARN order-svc user created
2025-01-01 ERROR payment-svc login success
2025-01-01 ERROR payment-svc login success
2025-01-01 DEBUG auth-svc connection reset
2025-01-01 INFO order-svc invalid credentials
2025-01-01 DEBUG payment-svc login success
2025-01-01 ERROR order-svc database timeout
2025-01-01 ERROR payment-svc connection reset
2025-01-01 INFO auth-svc connection reset
2025-01-01 DEBUG notification-svc database timeout
2025-01-01 WARN payment-svc login success
2025-01-01 WARN payment-svc login success
2025-01-01 ERROR notification-svc payment failed
2025-01-01 DEBUG order-svc connection reset
2025-01-01 INFO order-svc user created
2025-01-01 INFO notification-svc connection reset
2025-01-01 WARN order-svc order processed
2025-01-01 WARN auth-svc order processed
2025-01-01 ERROR order-svc order processed
2025-01-01 DEBUG auth-svc order processed
2025-01-01 WARN notification-svc user created
2025-01-01 WARN auth-svc database timeout
2025-01-01 INFO payment-svc invalid credentials
2025-01-01 INFO auth-svc connection reset
2025-01-01 WARN auth-svc payment failed
2025-01-01 INFO auth-svc database timeout
2025-01-01 INFO auth-svc connection reset
2025-01-01 INFO auth-svc login success
2025-01-01 WARN notification-svc payment failed
2025-01-01 DEBUG payment-svc payment failed
2025-01-01 ERROR order-svc invalid credentials
2025-01-01 ERROR auth-svc order processed
2025-01-01 INFO order-svc order processed
2025-01-01 WARN auth-svc login success
2025-01-01 ERROR notification-svc order processed
2025-01-01 WARN notification-svc login success
2025-01-01 ERROR order-svc database timeout
2025-01-01 DEBUG payment-svc user created
2025-01-01 WARN payment-svc connection reset
2025-01-01 WARN auth-svc database timeout
2025-01-01 WARN notification-svc database timeout
2025-01-01 WARN auth-svc payment failed
2025-01-01 DEBUG payment-svc order processed
2025-01-01 DEBUG payment-svc order processed
2025-01-01 DEBUG order-svc database timeout
2025-01-01 WARN auth-svc order processed
2025-01-01 ERROR notification-svc order processed
2025-01-01 INFO notification-svc user created
2025-01-01 ERROR order-svc payment failed
2025-01-01 ERROR auth-svc login success
2025-01-01 DEBUG order-svc database timeout
2025-01-01 DEBUG auth-svc user created
2025-01-01 DEBUG order-svc payment failed
2025-01-01 WARN auth-svc connection reset
2025-01-01 ERROR order-svc login success
2025-01-01 DEBUG auth-svc connection reset
2025-01-01 DEBUG auth-svc database timeout
2025-01-01 DEBUG auth-svc connection reset
2025-01-01 DEBUG auth-svc payment failed
2025-01-01 ERROR auth-svc connection reset
2025-01-01 ERROR notification-svc invalid credentials
2025-01-01 DEBUG auth-svc order processed
2025-01-01 DEBUG notification-svc database timeout
2025-01-01 INFO auth-svc database timeout
2025-01-01 INFO payment-svc invalid credentials
2025-01-01 INFO payment-svc payment failed
2025-01-01 ERROR payment-svc login success
2025-01-01 INFO payment-svc login success
2025-01-01 WARN notification-svc login success
2025-01-01 INFO order-svc invalid credentials
2025-01-01 INFO auth-svc order processed
2025-01-01 ERROR notification-svc order processed
2025-01-01 ERROR auth-svc connection reset
2025-01-01 ERROR order-svc login success
2025-01-01 DEBUG payment-svc database timeout
2025-01-01 WARN auth-svc user created
2025-01-01 DEBUG auth-svc connection reset
2025-01-01 INFO auth-svc connection reset
2025-01-01 INFO notification-svc order processed
2025-01-01 WARN order-svc database timeout
2025-01-01 INFO payment-svc invalid credentials
2025-01-01 DEBUG notification-svc login success
2025-01-01 INFO notification-svc order processed
2025-01-01 INFO order-svc payment failed
2025-01-01 WARN auth-svc payment failed
2025-01-01 WARN auth-svc payment failed
2025-01-01 WARN notification-svc connection reset
2025-01-01 WARN order-svc connection reset
2025-01-01 WARN payment-svc invalid credentials
2025-01-01 WARN notification-svc order processed
2025-01-01 WARN order-svc login success
2025-01-01 ERROR order-svc login success
2025-01-01 WARN order-svc user created
2025-01-01 DEBUG notification-svc user created
2025-01-01 ERROR payment-svc database timeout
2025-01-01 DEBUG order-svc login success
2025-01-01 INFO payment-svc invalid credentials
2025-01-01 DEBUG auth-svc invalid credentials
2025-01-01 INFO payment-svc user created
2025-01-01 ERROR payment-svc connection reset
2025-01-01 WARN auth-svc login success
2025-01-01 WARN notification-svc payment failed
2025-01-01 ERROR order-svc connection reset
2025-01-01 INFO auth-svc connection reset
2025-01-01 WARN payment-svc database timeout
2025-01-01 INFO auth-svc database timeout
2025-01-01 INFO auth-svc order processed
2025-01-01 WARN payment-svc user created
2025-01-01 WARN notification-svc user created
2025-01-01 ERROR order-svc invalid credentials
2025-01-01 WARN auth-svc payment failed
2025-01-01 ERROR payment-svc login success
2025-01-01 INFO order-svc database timeout
2025-01-01 ERROR auth-svc payment failed
2025-01-01 DEBUG order-svc database timeout
2025-01-01 WARN notification-svc payment failed
2025-01-01 INFO auth-svc login success
2025-01-01 WARN payment-svc user created
2025-01-01 INFO order-svc invalid credentials
2025-01-01 DEBUG order-svc order processed
2025-01-01 WARN payment-svc payment failed
2025-01-01 INFO notification-svc invalid credentials
2025-01-01 INFO payment-svc invalid credentials
2025-01-01 DEBUG order-svc order processed
2025-01-01 DEBUG auth-svc order processed
2025-01-01 INFO auth-svc payment failed
2025-01-01 WARN order-svc payment failed
2025-01-01 INFO payment-svc payment failed
2025-01-01 ERROR auth-svc order processed
2025-01-01 DEBUG order-svc connection reset
2025-01-01 WARN payment-svc order processed
2025-01-01 DEBUG notification-svc payment failed
2025-01-01 INFO order-svc order processed
2025-01-01 WARN auth-svc user created
2025-01-01 DEBUG payment-svc order processed
2025-01-01 ERROR auth-svc login success
2025-01-01 DEBUG order-svc login success
2025-01-01 WARN auth-svc connection reset
2025-01-01 INFO payment-svc login success
2025-01-01 WARN notification-svc database timeout
2025-01-01 INFO order-svc database timeout
2025-01-01 INFO order-svc user created
2025-01-01 DEBUG auth-svc order processed
2025-01-01 ERROR order-svc order processed
2025-01-01 INFO order-svc order processed
2025-01-01 ERROR auth-svc connection reset
2025-01-01 INFO auth-svc database timeout
2025-01-01 INFO order-svc login success
2025-01-01 ERROR auth-svc payment failed
2025-01-01 DEBUG order-svc invalid credentials
2025-01-01 DEBUG payment-svc user created
2025-01-01 WARN auth-svc order processed
2025-01-01 ERROR auth-svc login success
2025-01-01 INFO auth-svc payment failed
2025-01-01 WARN notification-svc database timeout
2025-01-01 WARN notification-svc connection reset
2025-01-01 INFO notification-svc connection reset
2025-01-01 DEBUG notification-svc order processed
2025-01-01 WARN order-svc invalid credentials
2025-01-01 DEBUG payment-svc connection reset
2025-01-01 DEBUG payment-svc invalid credentials
2025-01-01 DEBUG payment-svc user created
2025-01-01 INFO notification-svc invalid credentials
2025-01-01 DEBUG order-svc login success
2025-01-01 ERROR order-svc connection reset
2025-01-01 WARN auth-svc order processed
2025-01-01 ERROR notification-svc connection reset
2025-01-01 ERROR notification-svc order processed
2025-01-01 WARN order-svc order processed
2025-01-01 INFO notification-svc invalid credentials
2025-01-01 DEBUG payment-svc user created
2025-01-01 ERROR notification-svc payment failed
2025-01-01 DEBUG notification-svc order processed
2025-01-01 DEBUG order-svc connection reset
2025-01-01 INFO auth-svc connection reset
2025-01-01 WARN notification-svc connection reset
2025-01-01 DEBUG payment-svc user created
2025-01-01 DEBUG auth-svc payment failed
2025-01-01 DEBUG payment-svc database timeout
2025-01-01 WARN order-svc login success
2025-01-01 INFO notification-svc user created
2025-01-01 WARN auth-svc payment failed
2025-01-01 ERROR auth-svc payment failed
2025-01-01 DEBUG notification-svc order processed
2025-01-01 INFO order-svc payment failed
2025-01-01 WARN order-svc database timeout
2025-01-01 ERROR auth-svc invalid credentials
2025-01-01 ERROR notification-svc payment failed
2025-01-01 ERROR order-svc login success
2025-01-01 DEBUG notification-svc order processed
2025-01-01 INFO auth-svc login success
2025-01-01 ERROR auth-svc login success
2025-01-01 WARN order-svc connection reset
2025-01-01 WARN auth-svc order processed
2025-01-01 DEBUG payment-svc order processed
2025-01-01 DEBUG auth-svc user created
2025-01-01 WARN notification-svc database timeout
2025-01-01 ERROR auth-svc order processed
2025-01-01 DEBUG payment-svc order processed
2025-01-01 ERROR order-svc connection reset
2025-01-01 DEBUG auth-svc database timeout
2025-01-01 ERROR order-svc payment failed
2025-01-01 ERROR auth-svc database timeout
2025-01-01 DEBUG auth-svc database timeout
2025-01-01 WARN payment-svc login success
2025-01-01 ERROR order-svc user created
2025-01-01 ERROR auth-svc database timeout
2025-01-01 DEBUG auth-svc login success
2025-01-01 DEBUG payment-svc login success
2025-01-01 INFO payment-svc connection reset
2025-01-01 WARN payment-svc connection reset
2025-01-01 DEBUG auth-svc order processed
2025-01-01 WARN notification-svc login success
2025-01-01 INFO payment-svc connection reset
2025-01-01 WARN order-svc connection reset
2025-01-01 ERROR order-svc invalid credentials
2025-01-01 INFO order-svc payment failed
2025-01-01 INFO order-svc user created
2025-01-01 DEBUG notification-svc payment failed
2025-01-01 DEBUG order-svc connection reset
2025-01-01 WARN payment-svc login success
2025-01-01 DEBUG notification-svc invalid credentials
2025-01-01 DEBUG auth-svc database timeout
2025-01-01 WARN notification-svc order processed
2025-01-01 ERROR payment-svc order processed
2025-01-01 DEBUG auth-svc invalid credentials
2025-01-01 ERROR auth-svc database timeout
2025-01-01 DEBUG auth-svc user created
2025-01-01 INFO order-svc invalid credentials
2025-01-01 INFO order-svc order processed
2025-01-01 DEBUG auth-svc connection reset
2025-01-01 WARN order-svc connection reset
2025-01-01 ERROR auth-svc invalid credentials
2025-01-01 DEBUG payment-svc order processed
2025-01-01 ERROR payment-svc user created
2025-01-01 DEBUG notification-svc user created
2025-01-01 DEBUG notification-svc connection reset
2025-01-01 WARN order-svc user created
2025-01-01 DEBUG notification-svc invalid credentials
2025-01-01 WARN payment-svc login success
2025-01-01 DEBUG notification-svc invalid credentials
2025-01-01 WARN payment-svc user created
2025-01-01 WARN payment-svc user created
2025-01-01 ERROR order-svc database timeout
2025-01-01 DEBUG order-svc connection reset
2025-01-01 WARN auth-svc connection reset
2025-01-01 DEBUG order-svc invalid credentials
2025-01-01 INFO notification-svc login success
2025-01-01 INFO notification-svc payment failed
2025-01-01 WARN payment-svc order processed
2025-01-01 INFO auth-svc payment failed
2025-01-01 INFO notification-svc invalid credentials
2025-01-01 INFO notification-svc payment failed
2025-01-01 ERROR auth-svc database timeout
2025-01-01 ERROR payment-svc payment failed
2025-01-01 INFO order-svc login success
2025-01-01 ERROR order-svc user created
2025-01-01 INFO order-svc user created
2025-01-01 DEBUG order-svc database timeout
2025-01-01 DEBUG order-svc database timeout
2025-01-01 WARN auth-svc invalid credentials
2025-01-01 WARN payment-svc user created
2025-01-01 WARN notification-svc user created
2025-01-01 ERROR auth-svc payment failed
2025-01-01 DEBUG payment-svc login success
2025-01-01 INFO payment-svc login success
2025-01-01 ERROR payment-svc database timeout
2025-01-01 ERROR order-svc order processed
2025-01-01 WARN auth-svc payment failed
2025-01-01 DEBUG notification-svc database timeout
2025-01-01 DEBUG auth-svc invalid credentials
2025-01-01 INFO auth-svc user created
2025-01-01 WARN notification-svc payment failed
2025-01-01 DEBUG payment-svc payment failed
2025-01-01 INFO payment-svc database timeout
2025-01-01 ERROR notification-svc invalid credentials
2025-01-01 INFO order-svc login success
2025-01-01 INFO auth-svc user created
2025-01-01 ERROR auth-svc user created
2025-01-01 DEBUG notification-svc user created
2025-01-01 DEBUG notification-svc user created
2025-01-01 ERROR order-svc database timeout
2025-01-01 DEBUG auth-svc user created
2025-01-01 WARN order-svc invalid credentials
2025-01-01 INFO auth-svc user created
2025-01-01 ERROR payment-svc user created
2025-01-01 WARN order-svc invalid credentials
2025-01-01 WARN payment-svc invalid credentials
2025-01-01 ERROR payment-svc payment failed
2025-01-01 ERROR payment-svc user created
2025-01-01 ERROR payment-svc invalid credentials
2025-01-01 ERROR notification-svc database timeout
2025-01-01 DEBUG auth-svc order processed
2025-01-01 ERROR notification-svc payment failed
2025-01-01 ERROR order-svc invalid credentials
2025-01-01 INFO auth-svc connection reset
2025-01-01 DEBUG auth-svc user created
2025-01-01 ERROR auth-svc payment failed
2025-01-01 DEBUG notification-svc user created
2025-01-01 WARN order-svc database timeout
2025-01-01 ERROR order-svc user created
2025-01-01 ERROR notification-svc database timeout
2025-01-01 DEBUG payment-svc payment failed
2025-01-01 INFO notification-svc invalid credentials
2025-01-01 WARN notification-svc invalid credentials
2025-01-01 INFO payment-svc payment failed
2025-01-01 DEBUG notification-svc login success
2025-01-01 ERROR notification-svc login success
2025-01-01 INFO payment-svc user created
2025-01-01 DEBUG auth-svc order processed
2025-01-01 INFO payment-svc payment failed
2025-01-01 WARN notification-svc payment failed
2025-01-01 INFO auth-svc invalid credentials
2025-01-01 DEBUG notification-svc database timeout
2025-01-01 WARN auth-svc login success
2025-01-01 INFO payment-svc connection reset
2025-01-01 ERROR order-svc user created
2025-01-01 WARN order-svc order processed
2025-01-01 WARN order-svc database timeout
2025-01-01 DEBUG order-svc invalid credentials
2025-01-01 INFO notification-svc user created
2025-01-01 DEBUG auth-svc user created
2025-01-01 INFO order-svc invalid credentials
2025-01-01 DEBUG payment-svc connection reset
2025-01-01 WARN notification-svc order processed
2025-01-01 WARN notification-svc invalid credentials
2025-01-01 INFO payment-svc payment failed
2025-01-01 ERROR notification-svc user created
2025-01-01 WARN notification-svc invalid credentials
2025-01-01 DEBUG payment-svc order processed
2025-01-01 INFO notification-svc user created
2025-01-01 DEBUG auth-svc order processed
2025-01-01 INFO order-svc user created
2025-01-01 INFO auth-svc payment failed
2025-01-01 INFO auth-svc connection reset
2025-01-01 ERROR notification-svc connection reset
2025-01-01 ERROR order-svc payment failed
2025-01-01 WARN payment-svc payment failed
2025-01-01 INFO auth-svc database timeout
2025-01-01 INFO auth-svc connection reset
2025-01-01 WARN auth-svc invalid credentials
2025-01-01 ERROR payment-svc payment failed
2025-01-01 DEBUG payment-svc connection reset
2025-01-01 ERROR payment-svc connection reset
2025-01-01 INFO notification-svc login success
2025-01-01 INFO order-svc login success
2025-01-01 INFO notification-svc connection reset
2025-01-01 WARN payment-svc order processed
2025-01-01 WARN notification-svc database timeout
2025-01-01 ERROR notification-svc payment failed
2025-01-01 DEBUG auth-svc user created
2025-01-01 INFO order-svc database timeout
2025-01-01 DEBUG auth-svc connection reset
2025-01-01 DEBUG payment-svc user created
2025-01-01 ERROR notification-svc user created
2025-01-01 DEBUG payment-svc order processed
2025-01-01 WARN order-svc order processed
2025-01-01 WARN order-svc user created
2025-01-01 ERROR notification-svc payment failed
2025-01-01 ERROR order-svc user created
2025-01-01 WARN notification-svc login success
2025-01-01 WARN auth-svc connection reset
2025-01-01 INFO order-svc payment failed
2025-01-01 ERROR auth-svc connection reset
2025-01-01 DEBUG notification-svc connection reset
2025-01-01 INFO payment-svc user created
2025-01-01 WARN notification-svc user created
2025-01-01 INFO order-svc login success
2025-01-01 ERROR auth-svc payment failed
2025-01-01 DEBUG auth-svc user created
2025-01-01 INFO notification-svc payment failed
2025-01-01 DEBUG auth-svc login success
2025-01-01 INFO auth-svc order processed
2025-01-01 ERROR auth-svc order processed
2025-01-01 INFO auth-svc user created
2025-01-01 DEBUG auth-svc database timeout
2025-01-01 ERROR notification-svc invalid credentials
2025-01-01 ERROR notification-svc connection reset
2025-01-01 DEBUG payment-svc user created
2025-01-01 DEBUG payment-svc order processed
2025-01-01 DEBUG payment-svc order processed
2025-01-01 ERROR auth-svc login success
2025-01-01 DEBUG auth-svc user created
2025-01-01 DEBUG notification-svc order processed
2025-01-01 INFO auth-svc payment failed
2025-01-01 INFO order-svc connection reset
2025-01-01 ERROR auth-svc login success
2025-01-01 WARN auth-svc user created
2025-01-01 INFO notification-svc connection reset
2025-01-01 WARN auth-svc login success
2025-01-01 DEBUG payment-svc connection reset
2025-01-01 INFO auth-svc payment failed
2025-01-01 DEBUG order-svc payment failed
2025-01-01 INFO order-svc login success
2025-01-01 ERROR notification-svc payment failed
2025-01-01 ERROR notification-svc connection reset
2025-01-01 WARN auth-svc user created
2025-01-01 INFO order-svc payment failed
2025-01-01 DEBUG auth-svc payment failed
2025-01-01 DEBUG payment-svc order processed
2025-01-01 DEBUG order-svc order processed
2025-01-01 WARN notification-svc order processed
2025-01-01 DEBUG payment-svc database timeout
2025-01-01 INFO order-svc payment failed
2025-01-01 DEBUG auth-svc connection reset
2025-01-01 DEBUG payment-svc user created
2025-01-01 WARN notification-svc user created
2025-01-01 DEBUG notification-svc payment failed
2025-01-01 DEBUG notification-svc payment failed
2025-01-01 ERROR order-svc user created
2025-01-01 INFO notification-svc login success
2025-01-01 ERROR payment-svc database timeout
2025-01-01 INFO order-svc payment failed
2025-01-01 WARN auth-svc user created
2025-01-01 DEBUG order-svc login success
2025-01-01 WARN payment-svc login success
2025-01-01 INFO payment-svc user created
2025-01-01 ERROR payment-svc payment failed
2025-01-01 ERROR payment-svc order processed
2025-01-01 INFO auth-svc invalid credentials
2025-01-01 INFO notification-svc payment failed
2025-01-01 WARN auth-svc user created
2025-01-01 WARN notification-svc login success
2025-01-01 WARN notification-svc order processed
2025-01-01 ERROR auth-svc invalid credentials
2025-01-01 DEBUG order-svc connection reset
2025-01-01 WARN payment-svc invalid credentials
2025-01-01 ERROR notification-svc order processed
2025-01-01 WARN payment-svc user created
2025-01-01 WARN payment-svc invalid credentials
2025-01-01 ERROR payment-svc connection reset
2025-01-01 WARN payment-svc connection reset
2025-01-01 WARN auth-svc login success
2025-01-01 DEBUG order-svc invalid credentials
2025-01-01 ERROR notification-svc database timeout
2025-01-01 INFO auth-svc order processed
2025-01-01 ERROR auth-svc connection reset
2025-01-01 WARN payment-svc connection reset
2025-01-01 DEBUG payment-svc connection reset
2025-01-01 WARN auth-svc connection reset
2025-01-01 ERROR auth-svc invalid credentials
2025-01-01 INFO notification-svc invalid credentials
2025-01-01 WARN order-svc database timeout
2025-01-01 ERROR notification-svc login success
2025-01-01 WARN auth-svc login success
2025-01-01 INFO order-svc payment failed
2025-01-01 DEBUG auth-svc login success
2025-01-01 DEBUG notification-svc database timeout
2025-01-01 WARN payment-svc login success
2025-01-01 ERROR payment-svc connection reset
2025-01-01 WARN payment-svc login success
2025-01-01 DEBUG order-svc payment failed
2025-01-01 INFO payment-svc login success
2025-01-01 DEBUG auth-svc payment failed
2025-01-01 DEBUG auth-svc login success
2025-01-01 DEBUG payment-svc invalid credentials
2025-01-01 DEBUG notification-svc login success
2025-01-01 WARN auth-svc invalid credentials
2025-01-01 ERROR notification-svc user created
2025-01-01 WARN notification-svc payment failed
2025-01-01 WARN notification-svc connection reset
2025-01-01 INFO order-svc user created
2025-01-01 WARN payment-svc payment failed
2025-01-01 DEBUG auth-svc database timeout
2025-01-01 WARN payment-svc user created
2025-01-01 WARN payment-svc payment failed
2025-01-01 DEBUG auth-svc connection reset
2025-01-01 WARN order-svc connection reset
2025-01-01 INFO payment-svc login success
2025-01-01 INFO notification-svc payment failed
2025-01-01 WARN order-svc database timeout
2025-01-01 INFO auth-svc order processed
2025-01-01 DEBUG notification-svc user created
2025-01-01 DEBUG auth-svc database timeout
2025-01-01 ERROR order-svc database timeout
2025-01-01 WARN notification-svc user created
2025-01-01 ERROR auth-svc order processed
2025-01-01 DEBUG notification-svc order processed
2025-01-01 WARN auth-svc order processed
2025-01-01 INFO payment-svc login success
2025-01-01 WARN payment-svc payment failed
2025-01-01 INFO notification-svc order processed
2025-01-01 DEBUG payment-svc database timeout
2025-01-01 WARN payment-svc database timeout
2025-01-01 DEBUG order-svc login success
2025-01-01 ERROR auth-svc database timeout
2025-01-01 ERROR payment-svc invalid credentials
2025-01-01 ERROR order-svc invalid credentials
2025-01-01 INFO order-svc order processed
2025-01-01 INFO order-svc payment failed
2025-01-01 WARN order-svc invalid credentials
2025-01-01 INFO notification-svc database timeout
2025-01-01 ERROR payment-svc order processed
2025-01-01 DEBUG auth-svc login success
2025-01-01 INFO notification-svc order processed
2025-01-01 INFO auth-svc database timeout
2025-01-01 DEBUG auth-svc login success
2025-01-01 ERROR payment-svc payment failed
2025-01-01 WARN auth-svc payment failed
2025-01-01 WARN order-svc user created
2025-01-01 WARN payment-svc payment failed
2025-01-01 INFO payment-svc payment failed
2025-01-01 ERROR order-svc login success
2025-01-01 INFO notification-svc connection reset
2025-01-01 DEBUG auth-svc user created
2025-01-01 DEBUG order-svc user created
2025-01-01 WARN notification-svc database timeout
2025-01-01 WARN notification-svc invalid credentials
2025-01-01 WARN payment-svc login success
2025-01-01 ERROR notification-svc order processed
2025-01-01 WARN payment-svc payment failed
2025-01-01 ERROR notification-svc order processed
2025-01-01 ERROR order-svc connection reset
2025-01-01 WARN notification-svc login success
2025-01-01 INFO notification-svc order processed
2025-01-01 DEBUG auth-svc invalid credentials
2025-01-01 INFO order-svc login success
2025-01-01 DEBUG order-svc database timeout
2025-01-01 DEBUG payment-svc invalid credentials
2025-01-01 DEBUG auth-svc database timeout
2025-01-01 DEBUG notification-svc connection reset
2025-01-01 DEBUG notification-svc login success
2025-01-01 INFO auth-svc invalid credentials
2025-01-01 DEBUG notification-svc order processed
2025-01-01 WARN notification-svc invalid credentials
2025-01-01 DEBUG notification-svc database timeout
2025-01-01 DEBUG order-svc database timeout
2025-01-01 WARN payment-svc login success
2025-01-01 DEBUG auth-svc invalid credentials
2025-01-01 INFO payment-svc login success
2025-01-01 DEBUG auth-svc payment failed
2025-01-01 ERROR payment-svc login success
2025-01-01 INFO notification-svc invalid credentials
2025-01-01 DEBUG auth-svc connection reset
2025-01-01 INFO notification-svc database timeout
2025-01-01 DEBUG notification-svc order processed
2025-01-01 ERROR payment-svc user created
2025-01-01 WARN order-svc login success
2025-01-01 INFO order-svc login success
2025-01-01 WARN auth-svc login success
2025-01-01 DEBUG notification-svc connection reset
2025-01-01 INFO auth-svc login success
2025-01-01 INFO auth-svc login success
2025-01-01 INFO notification-svc user created
2025-01-01 ERROR notification-svc database timeout
2025-01-01 INFO payment-svc invalid credentials
2025-01-01 ERROR auth-svc connection reset
2025-01-01 INFO notification-svc user created
2025-01-01 DEBUG notification-svc invalid credentials
2025-01-01 DEBUG order-svc payment failed
2025-01-01 INFO auth-svc connection reset
2025-01-01 ERROR payment-svc connection reset
2025-01-01 WARN notification-svc database timeout
2025-01-01 DEBUG payment-svc connection reset
2025-01-01 DEBUG auth-svc connection reset
2025-01-01 WARN order-svc user created
2025-01-01 WARN payment-svc login success
2025-01-01 WARN payment-svc payment failed
2025-01-01 INFO order-svc login success
2025-01-01 WARN order-svc invalid credentials
2025-01-01 INFO payment-svc invalid credentials
2025-01-01 WARN order-svc connection reset
2025-01-01 DEBUG notification-svc login success
2025-01-01 DEBUG auth-svc order processed
2025-01-01 INFO payment-svc order processed
2025-01-01 WARN auth-svc login success
2025-01-01 INFO payment-svc invalid credentials
2025-01-01 WARN payment-svc database timeout
2025-01-01 WARN order-svc order processed
2025-01-01 DEBUG notification-svc connection reset
2025-01-01 ERROR payment-svc login success
2025-01-01 DEBUG order-svc database timeout
2025-01-01 INFO auth-svc connection reset
2025-01-01 DEBUG notification-svc payment failed
2025-01-01 INFO order-svc order processed
2025-01-01 ERROR payment-svc database timeout
2025-01-01 ERROR payment-svc user created
2025-01-01 ERROR order-svc invalid credentials
2025-01-01 WARN order-svc login success
2025-01-01 ERROR auth-svc invalid credentials
2025-01-01 WARN notification-svc payment failed
2025-01-01 WARN notification-svc payment failed
2025-01-01 INFO payment-svc database timeout
2025-01-01 WARN payment-svc database timeout
2025-01-01 INFO order-svc invalid credentials
2025-01-01 INFO payment-svc invalid credentials
2025-01-01 WARN payment-svc connection reset
2025-01-01 ERROR auth-svc order processed
2025-01-01 ERROR order-svc connection reset
2025-01-01 INFO auth-svc order processed
2025-01-01 DEBUG auth-svc invalid credentials
2025-01-01 WARN order-svc login success
2025-01-01 WARN notification-svc connection reset
2025-01-01 ERROR payment-svc database timeout
2025-01-01 WARN auth-svc user created
2025-01-01 ERROR notification-svc payment failed
2025-01-01 ERROR order-svc database timeout
2025-01-01 INFO order-svc user created
2025-01-01 INFO notification-svc payment failed
2025-01-01 WARN notification-svc payment failed
2025-01-01 WARN auth-svc login success
2025-01-01 INFO auth-svc login success
2025-01-01 ERROR payment-svc user created
2025-01-01 DEBUG payment-svc database timeout
2025-01-01 ERROR notification-svc user created
2025-01-01 DEBUG notification-svc connection reset
2025-01-01 INFO payment-svc login success
2025-01-01 WARN payment-svc connection reset
2025-01-01 ERROR auth-svc login success
2025-01-01 INFO payment-svc database timeout
2025-01-01 DEBUG order-svc payment failed
2025-01-01 WARN order-svc order processed
2025-01-01 ERROR auth-svc database timeout
2025-01-01 INFO notification-svc user created
2025-01-01 DEBUG notification-svc database timeout
2025-01-01 INFO order-svc connection reset
2025-01-01 ERROR notification-svc order processed
2025-01-01 INFO auth-svc order processed
2025-01-01 INFO notification-svc database timeout
2025-01-01 INFO order-svc payment failed
2025-01-01 ERROR notification-svc order processed
2025-01-01 WARN order-svc login success
2025-01-01 INFO order-svc invalid credentials
2025-01-01 DEBUG order-svc payment failed
2025-01-01 ERROR auth-svc payment failed
2025-01-01 WARN order-svc connection reset
2025-01-01 ERROR payment-svc login success
2025-01-01 ERROR payment-svc user created
2025-01-01 ERROR notification-svc user created
2025-01-01 DEBUG payment-svc database timeout
2025-01-01 ERROR auth-svc connection reset
2025-01-01 ERROR notification-svc login success
2025-01-01 WARN notification-svc order processed
2025-01-01 ERROR notification-svc user created
2025-01-01 ERROR notification-svc database timeout
2025-01-01 ERROR payment-svc connection reset
2025-01-01 WARN payment-svc user created
2025-01-01 ERROR auth-svc user created
2025-01-01 INFO payment-svc connection reset
2025-01-01 INFO payment-svc order processed
2025-01-01 ERROR auth-svc invalid credentials
2025-01-01 ERROR auth-svc login success
2025-01-01 DEBUG notification-svc database timeout
2025-01-01 INFO order-svc connection reset
2025-01-01 WARN auth-svc payment failed
2025-01-01 ERROR payment-svc database timeout
2025-01-01 DEBUG payment-svc order processed
2025-01-01 WARN order-svc invalid credentials
2025-01-01 ERROR order-svc user created
2025-01-01 DEBUG auth-svc payment failed
2025-01-01 ERROR notification-svc order processed
2025-01-01 INFO auth-svc connection reset
2025-01-01 WARN payment-svc user created
2025-01-01 DEBUG order-svc database timeout
2025-01-01 DEBUG notification-svc connection reset
2025-01-01 WARN order-svc invalid credentials
2025-01-01 WARN order-svc user created
2025-01-01 INFO payment-svc payment failed
2025-01-01 WARN notification-svc invalid credentials
2025-01-01 DEBUG notification-svc order processed
2025-01-01 WARN notification-svc login success
2025-01-01 ERROR auth-svc payment failed
2025-01-01 INFO notification-svc payment failed
2025-01-01 INFO auth-svc payment failed
2025-01-01 INFO order-svc user created
2025-01-01 INFO payment-svc payment failed
2025-01-01 ERROR notification-svc order processed
2025-01-01 INFO payment-svc user created
2025-01-01 DEBUG payment-svc connection reset
2025-01-01 INFO payment-svc database timeout
2025-01-01 WARN auth-svc invalid credentials
2025-01-01 INFO order-svc database timeout
2025-01-01 ERROR payment-svc database timeout
2025-01-01 WARN auth-svc connection reset
2025-01-01 WARN payment-svc order processed
2025-01-01 INFO auth-svc order processed
2025-01-01 DEBUG payment-svc login success
2025-01-01 WARN payment-svc connection reset
2025-01-01 WARN auth-svc database timeout
2025-01-01 INFO payment-svc invalid credentials
2025-01-01 INFO notification-svc connection reset
2025-01-01 WARN order-svc order processed
2025-01-01 WARN notification-svc database timeout
2025-01-01 ERROR payment-svc login success
2025-01-01 WARN auth-svc user created
2025-01-01 DEBUG auth-svc connection reset
2025-01-01 INFO auth-svc connection reset
2025-01-01 DEBUG notification-svc payment failed
2025-01-01 INFO notification-svc invalid credentials
2025-01-01 INFO notification-svc database timeout
2025-01-01 DEBUG notification-svc user created
2025-01-01 ERROR auth-svc order processed
2025-01-01 DEBUG order-svc login success
2025-01-01 DEBUG order-svc order processed
2025-01-01 DEBUG order-svc user created
2025-01-01 INFO payment-svc connection reset
2025-01-01 DEBUG payment-svc payment failed
2025-01-01 INFO payment-svc payment failed
2025-01-01 ERROR payment-svc user created
2025-01-01 WARN order-svc invalid credentials
2025-01-01 WARN payment-svc database timeout
2025-01-01 ERROR payment-svc database timeout
2025-01-01 DEBUG payment-svc connection reset
2025-01-01 ERROR payment-svc invalid credentials
2025-01-01 INFO auth-svc login success
2025-01-01 WARN order-svc payment failed
2025-01-01 WARN notification-svc database timeout
2025-01-01 ERROR order-svc order processed
2025-01-01 DEBUG order-svc connection reset
2025-01-01 WARN order-svc user created
2025-01-01 DEBUG notification-svc payment failed
2025-01-01 WARN order-svc order processed
2025-01-01 WARN notification-svc database timeout
2025-01-01 ERROR payment-svc invalid credentials
2025-01-01 DEBUG order-svc invalid credentials
2025-01-01 ERROR payment-svc database timeout
2025-01-01 INFO auth-svc connection reset
2025-01-01 INFO payment-svc order processed
2025-01-01 ERROR order-svc invalid credentials
2025-01-01 INFO notification-svc database timeout
2025-01-01 DEBUG auth-svc invalid credentials
2025-01-01 WARN order-svc order processed
2025-01-01 DEBUG payment-svc database timeout
2025-01-01 WARN notification-svc login success
2025-01-01 INFO auth-svc login success
2025-01-01 WARN payment-svc database timeout
2025-01-01 WARN auth-svc login success
2025-01-01 DEBUG order-svc login success
2025-01-01 INFO payment-svc invalid credentials
2025-01-01 WARN payment-svc order processed
2025-01-01 DEBUG payment-svc login success
2025-01-01 INFO notification-svc database timeout
2025-01-01 WARN payment-svc connection reset
2025-01-01 ERROR auth-svc invalid credentials
2025-01-01 WARN auth-svc database timeout
2025-01-01 ERROR notification-svc login success
2025-01-01 WARN notification-svc user created
2025-01-01 ERROR notification-svc invalid credentials
2025-01-01 ERROR payment-svc invalid credentials
2025-01-01 INFO auth-svc invalid credentials
2025-01-01 WARN notification-svc user created
2025-01-01 DEBUG notification-svc database timeout
2025-01-01 INFO notification-svc order processed
2025-01-01 ERROR order-svc database timeout
2025-01-01 ERROR payment-svc user created
2025-01-01 INFO order-svc user created
2025-01-01 DEBUG payment-svc payment failed
2025-01-01 DEBUG auth-svc user created
2025-01-01 DEBUG order-svc order processed
2025-01-01 INFO notification-svc user created
2025-01-01 ERROR payment-svc invalid credentials
2025-01-01 INFO notification-svc payment failed
2025-01-01 INFO payment-svc payment failed
2025-01-01 WARN payment-svc order processed
2025-01-01 WARN notification-svc database timeout
2025-01-01 ERROR auth-svc order processed
2025-01-01 INFO notification-svc invalid credentials
2025-01-01 DEBUG payment-svc connection reset
2025-01-01 WARN auth-svc order processed
2025-01-01 DEBUG order-svc user created
2025-01-01 DEBUG order-svc order processed
2025-01-01 WARN auth-svc database timeout
2025-01-01 ERROR payment-svc order processed
2025-01-01 INFO order-svc connection reset
2025-01-01 INFO payment-svc order processed
2025-01-01 INFO auth-svc login success
2025-01-01 WARN notification-svc invalid credentials
2025-01-01 WARN auth-svc order processed
2025-01-01 INFO order-svc invalid credentials
2025-01-01 INFO auth-svc database timeout
2025-01-01 ERROR auth-svc order processed
2025-01-01 ERROR notification-svc order processed
2025-01-01 INFO order-svc connection reset
2025-01-01 INFO auth-svc invalid credentials
2025-01-01 ERROR auth-svc user created
2025-01-01 INFO auth-svc database timeout
2025-01-01 ERROR order-svc order processed
2025-01-01 ERROR payment-svc invalid credentials
2025-01-01 INFO payment-svc database timeout
2025-01-01 DEBUG auth-svc login success
2025-01-01 ERROR auth-svc login success
2025-01-01 WARN auth-svc payment failed
2025-01-01 DEBUG payment-svc connection reset
2025-01-01 WARN payment-svc order processed
2025-01-01 INFO payment-svc order processed
2025-01-01 WARN payment-svc invalid credentials
2025-01-01 DEBUG notification-svc connection reset
2025-01-01 WARN order-svc login success
2025-01-01 DEBUG notification-svc invalid credentials
2025-01-01 WARN payment-svc payment failed
2025-01-01 ERROR payment-svc database timeout
2025-01-01 ERROR payment-svc invalid credentials
2025-01-01 INFO notification-svc login success
2025-01-01 DEBUG notification-svc user created
2025-01-01 INFO payment-svc payment failed
2025-01-01 INFO auth-svc order processed
2025-01-01 ERROR notification-svc order processed
2025-01-01 DEBUG notification-svc database timeout
2025-01-01 INFO order-svc login success
2025-01-01 ERROR notification-svc login success
2025-01-01 DEBUG notification-svc user created
2025-01-01 DEBUG auth-svc order processed
2025-01-01 INFO auth-svc login success
2025-01-01 ERROR auth-svc login success
2025-01-01 INFO order-svc invalid credentials
2025-01-01 INFO payment-svc payment failed
2025-01-01 DEBUG notification-svc user created
2025-01-01 ERROR auth-svc connection reset
2025-01-01 INFO auth-svc login success
2025-01-01 DEBUG order-svc connection reset
2025-01-01 INFO order-svc connection reset
2025-01-01 DEBUG order-svc connection reset
2025-01-01 INFO order-svc order processed
2025-01-01 WARN payment-svc connection reset
2025-01-01 INFO notification-svc user created
2025-01-01 DEBUG notification-svc connection reset
2025-01-01 INFO auth-svc login success
2025-01-01 WARN notification-svc user created
2025-01-01 WARN auth-svc connection reset
2025-01-01 INFO notification-svc payment failed
2025-01-01 WARN payment-svc user created
2025-01-01 DEBUG notification-svc login success
2025-01-01 WARN order-svc database timeout
2025-01-01 DEBUG order-svc payment failed
2025-01-01 DEBUG order-svc order processed
2025-01-01 ERROR notification-svc payment failed
2025-01-01 DEBUG notification-svc login success
2025-01-01 ERROR auth-svc connection reset
2025-01-01 WARN auth-svc database timeout
2025-01-01 WARN order-svc connection reset
2025-01-01 WARN order-svc login success
2025-01-01 ERROR auth-svc login success
2025-01-01 WARN order-svc login success
2025-01-01 INFO auth-svc database timeout
2025-01-01 INFO auth-svc user created
2025-01-01 DEBUG auth-svc login success
2025-01-01 DEBUG payment-svc connection reset
2025-01-01 INFO order-svc connection reset
2025-01-01 INFO order-svc order processed
2025-01-01 WARN order-svc invalid credentials
2025-01-01 WARN payment-svc database timeout
2025-01-01 INFO notification-svc connection reset
2025-01-01 INFO auth-svc invalid credentials
2025-01-01 INFO auth-svc invalid credentials
2025-01-01 INFO auth-svc payment failed
2025-01-01 DEBUG notification-svc payment failed
2025-01-01 WARN auth-svc database timeout
2025-01-01 ERROR order-svc invalid credentials
2025-01-01 INFO order-svc invalid credentials
2025-01-01 ERROR order-svc user created
2025-01-01 ERROR notification-svc login success
2025-01-01 DEBUG auth-svc user created
2025-01-01 WARN order-svc database timeout
2025-01-01 DEBUG order-svc database timeout
2025-01-01 ERROR order-svc payment failed
2025-01-01 DEBUG auth-svc connection reset
2025-01-01 ERROR notification-svc connection reset
2025-01-01 WARN order-svc order processed
2025-01-01 DEBUG order-svc database timeout
2025-01-01 DEBUG auth-svc database timeout
2025-01-01 DEBUG auth-svc order processed
2025-01-01 WARN order-svc user created
2025-01-01 INFO auth-svc payment failed
2025-01-01 WARN auth-svc invalid credentials
2025-01-01 INFO payment-svc connection reset
2025-01-01 WARN payment-svc user created
2025-01-01 WARN auth-svc order processed
2025-01-01 WARN order-svc database timeout
2025-01-01 ERROR order-svc login success
2025-01-01 ERROR payment-svc invalid credentials
2025-01-01 DEBUG payment-svc connection reset
2025-01-01 DEBUG auth-svc payment failed
2025-01-01 WARN order-svc connection reset
2025-01-01 DEBUG order-svc order processed
2025-01-01 DEBUG order-svc connection reset
2025-01-01 WARN order-svc invalid credentials
2025-01-01 WARN auth-svc invalid credentials
2025-01-01 DEBUG payment-svc payment failed
2025-01-01 INFO notification-svc login success
2025-01-01 ERROR payment-svc login success
2025-01-01 ERROR auth-svc order processed
2025-01-01 DEBUG auth-svc order processed
2025-01-01 DEBUG order-svc order processed
2025-01-01 DEBUG auth-svc order processed
2025-01-01 DEBUG payment-svc user created
2025-01-01 WARN payment-svc user created
2025-01-01 DEBUG payment-svc database timeout
2025-01-01 ERROR notification-svc connection reset
2025-01-01 WARN notification-svc payment failed
2025-01-01 INFO order-svc order processed
2025-01-01 WARN order-svc invalid credentials
2025-01-01 DEBUG payment-svc payment failed
2025-01-01 DEBUG payment-svc login success
2025-01-01 DEBUG payment-svc invalid credentials
2025-01-01 DEBUG order-svc connection reset
2025-01-01 INFO auth-svc user created
2025-01-01 ERROR payment-svc user created
2025-01-01 INFO auth-svc database timeout
2025-01-01 WARN notification-svc payment failed
2025-01-01 INFO order-svc invalid credentials
